<?xml version="1.0" encoding="UTF-8"?>
<!-- Generated by org.testng.reporters.JUnitXMLReporter -->
<testsuite hostname="Admin" ignored="0" name="Default test" tests="4" failures="0" timestamp="2021-07-06T19:50:31 IST" time="2.542" errors="0">
  <testcase name="testCase1" time="0.03" classname="com.testclass.ExcelTest"/>
  <testcase name="testCase2" time="0.023" classname="com.testclass.ExcelTest"/>
  <testcase name="testCase3" time="0.096" classname="com.testclass.ExcelTest"/>
  <testcase name="testCase4" time="2.261" classname="com.testclass.ExcelTest"/>
</testsuite> <!-- Default test -->
