<?xml version="1.0" encoding="UTF-8"?>
<testng-results skipped="0" failed="0" ignored="0" total="4" passed="4">
  <reporter-output>
  </reporter-output>
  <suite name="Default suite" duration-ms="2542" started-at="2021-07-06T19:50:29 IST" finished-at="2021-07-06T19:50:31 IST">
    <groups>
    </groups>
    <test name="Default test" duration-ms="2542" started-at="2021-07-06T19:50:29 IST" finished-at="2021-07-06T19:50:31 IST">
      <class name="com.testclass.ExcelTest">
        <test-method status="PASS" signature="testCase1()[pri:1, instance:com.testclass.ExcelTest@82de64a]" name="testCase1" duration-ms="30" started-at="2021-07-06T19:50:29 IST" finished-at="2021-07-06T19:50:29 IST">
          <reporter-output>
          </reporter-output>
        </test-method> <!-- testCase1 -->
        <test-method status="PASS" signature="testCase2()[pri:2, instance:com.testclass.ExcelTest@82de64a]" name="testCase2" duration-ms="23" started-at="2021-07-06T19:50:29 IST" finished-at="2021-07-06T19:50:29 IST">
          <reporter-output>
          </reporter-output>
        </test-method> <!-- testCase2 -->
        <test-method status="PASS" signature="testCase3()[pri:3, instance:com.testclass.ExcelTest@82de64a]" name="testCase3" duration-ms="96" started-at="2021-07-06T19:50:29 IST" finished-at="2021-07-06T19:50:29 IST">
          <reporter-output>
          </reporter-output>
        </test-method> <!-- testCase3 -->
        <test-method status="PASS" signature="testCase4()[pri:4, instance:com.testclass.ExcelTest@82de64a]" name="testCase4" duration-ms="2261" started-at="2021-07-06T19:50:29 IST" finished-at="2021-07-06T19:50:31 IST">
          <reporter-output>
          </reporter-output>
        </test-method> <!-- testCase4 -->
      </class> <!-- com.testclass.ExcelTest -->
    </test> <!-- Default test -->
  </suite> <!-- Default suite -->
</testng-results>
